[2025-07-27 07:58:57] [INFO ] [Version]: HV000001: Hibernate Validator 8.0.2.Final
[2025-07-27 07:58:57] [INFO ] [BorrowServiceMsApplication]: Starting BorrowServiceMsApplication using Java 21.0.5 with PID 2880 (F:\Java\BorrowServiceMS\target\classes started by DELL in F:\Java\BorrowServiceMS)
[2025-07-27 07:58:57] [INFO ] [BorrowServiceMsApplication]: No active profile set, falling back to 1 default profile: "default"
[2025-07-27 07:58:58] [INFO ] [DevToolsPropertyDefaultsPostProcessor]: Devtools property defaults active! Set 'spring.devtools.add-properties' to 'false' to disable
[2025-07-27 07:58:58] [INFO ] [DevToolsPropertyDefaultsPostProcessor]: For additional web related logging consider setting the 'logging.level.web' property to 'DEBUG'
[2025-07-27 07:58:58] [INFO ] [RepositoryConfigurationDelegate]: Bootstrapping Spring Data JPA repositories in DEFAULT mode.
[2025-07-27 07:58:58] [INFO ] [RepositoryConfigurationDelegate]: Finished Spring Data repository scanning in 101 ms. Found 1 JPA repository interface.
[2025-07-27 07:58:59] [INFO ] [TomcatWebServer]: Tomcat initialized with port 3000 (http)
[2025-07-27 07:58:59] [INFO ] [Http11NioProtocol]: Initializing ProtocolHandler ["http-nio-3000"]
[2025-07-27 07:58:59] [INFO ] [StandardService]: Starting service [Tomcat]
[2025-07-27 07:58:59] [INFO ] [StandardEngine]: Starting Servlet engine: [Apache Tomcat/10.1.42]
[2025-07-27 07:58:59] [INFO ] [[/]]: Initializing Spring embedded WebApplicationContext
[2025-07-27 07:58:59] [INFO ] [ServletWebServerApplicationContext]: Root WebApplicationContext: initialization completed in 1423 ms
[2025-07-27 07:58:59] [INFO ] [LogHelper]: HHH000204: Processing PersistenceUnitInfo [name: default]
[2025-07-27 07:58:59] [INFO ] [Version]: HHH000412: Hibernate ORM core version 6.6.18.Final
[2025-07-27 07:58:59] [INFO ] [RegionFactoryInitiator]: HHH000026: Second-level cache disabled
[2025-07-27 07:59:00] [INFO ] [SpringPersistenceUnitInfo]: No LoadTimeWeaver setup: ignoring JPA class transformer
[2025-07-27 07:59:00] [INFO ] [HikariDataSource]: HikariPool-1 - Starting...
[2025-07-27 07:59:00] [INFO ] [HikariPool]: HikariPool-1 - Added connection com.mysql.cj.jdbc.ConnectionImpl@2298d8d0
[2025-07-27 07:59:00] [INFO ] [HikariDataSource]: HikariPool-1 - Start completed.
[2025-07-27 07:59:00] [INFO ] [pooling]: HHH10001005: Database info:
	Database JDBC URL [Connecting through datasource 'HikariDataSource (HikariPool-1)']
	Database driver: undefined/unknown
	Database version: 8.0.27
	Autocommit mode: undefined/unknown
	Isolation level: undefined/unknown
	Minimum pool size: undefined/unknown
	Maximum pool size: undefined/unknown
[2025-07-27 07:59:01] [INFO ] [JtaPlatformInitiator]: HHH000489: No JTA platform available (set 'hibernate.transaction.jta.platform' to enable JTA platform integration)
[2025-07-27 07:59:01] [INFO ] [LocalContainerEntityManagerFactoryBean]: Initialized JPA EntityManagerFactory for persistence unit 'default'
[2025-07-27 07:59:01] [INFO ] [QueryEnhancerFactory]: Hibernate is in classpath; If applicable, HQL parser will be used.
[2025-07-27 07:59:02] [WARN ] [JpaBaseConfiguration$JpaWebConfiguration]: spring.jpa.open-in-view is enabled by default. Therefore, database queries may be performed during view rendering. Explicitly configure spring.jpa.open-in-view to disable this warning
[2025-07-27 07:59:02] [WARN ] [UserDetailsServiceAutoConfiguration]: 

Using generated security password: 3650bd73-b536-4069-9ae7-63f44167bd50

This generated password is for development use only. Your security configuration must be updated before running your application in production.

[2025-07-27 07:59:02] [INFO ] [InitializeUserDetailsBeanManagerConfigurer$InitializeUserDetailsManagerConfigurer]: Global AuthenticationManager configured with UserDetailsService bean with name inMemoryUserDetailsManager
[2025-07-27 07:59:02] [WARN ] [OptionalLiveReloadServer]: Unable to start LiveReload server
[2025-07-27 07:59:02] [INFO ] [AdminClientConfig]: AdminClientConfig values: 
	auto.include.jmx.reporter = true
	bootstrap.controllers = []
	bootstrap.servers = [localhost:9092]
	client.dns.lookup = use_all_dns_ips
	client.id = BorrowServiceMS-admin-0
	connections.max.idle.ms = 300000
	default.api.timeout.ms = 60000
	enable.metrics.push = true
	metadata.max.age.ms = 300000
	metadata.recovery.strategy = none
	metric.reporters = []
	metrics.num.samples = 2
	metrics.recording.level = INFO
	metrics.sample.window.ms = 30000
	receive.buffer.bytes = 65536
	reconnect.backoff.max.ms = 1000
	reconnect.backoff.ms = 50
	request.timeout.ms = 30000
	retries = 2147483647
	retry.backoff.max.ms = 1000
	retry.backoff.ms = 100
	sasl.client.callback.handler.class = null
	sasl.jaas.config = null
	sasl.kerberos.kinit.cmd = /usr/bin/kinit
	sasl.kerberos.min.time.before.relogin = 60000
	sasl.kerberos.service.name = null
	sasl.kerberos.ticket.renew.jitter = 0.05
	sasl.kerberos.ticket.renew.window.factor = 0.8
	sasl.login.callback.handler.class = null
	sasl.login.class = null
	sasl.login.connect.timeout.ms = null
	sasl.login.read.timeout.ms = null
	sasl.login.refresh.buffer.seconds = 300
	sasl.login.refresh.min.period.seconds = 60
	sasl.login.refresh.window.factor = 0.8
	sasl.login.refresh.window.jitter = 0.05
	sasl.login.retry.backoff.max.ms = 10000
	sasl.login.retry.backoff.ms = 100
	sasl.mechanism = GSSAPI
	sasl.oauthbearer.clock.skew.seconds = 30
	sasl.oauthbearer.expected.audience = null
	sasl.oauthbearer.expected.issuer = null
	sasl.oauthbearer.header.urlencode = false
	sasl.oauthbearer.jwks.endpoint.refresh.ms = 3600000
	sasl.oauthbearer.jwks.endpoint.retry.backoff.max.ms = 10000
	sasl.oauthbearer.jwks.endpoint.retry.backoff.ms = 100
	sasl.oauthbearer.jwks.endpoint.url = null
	sasl.oauthbearer.scope.claim.name = scope
	sasl.oauthbearer.sub.claim.name = sub
	sasl.oauthbearer.token.endpoint.url = null
	security.protocol = PLAINTEXT
	security.providers = null
	send.buffer.bytes = 131072
	socket.connection.setup.timeout.max.ms = 30000
	socket.connection.setup.timeout.ms = 10000
	ssl.cipher.suites = null
	ssl.enabled.protocols = [TLSv1.2, TLSv1.3]
	ssl.endpoint.identification.algorithm = https
	ssl.engine.factory.class = null
	ssl.key.password = null
	ssl.keymanager.algorithm = SunX509
	ssl.keystore.certificate.chain = null
	ssl.keystore.key = null
	ssl.keystore.location = null
	ssl.keystore.password = null
	ssl.keystore.type = JKS
	ssl.protocol = TLSv1.3
	ssl.provider = null
	ssl.secure.random.implementation = null
	ssl.trustmanager.algorithm = PKIX
	ssl.truststore.certificates = null
	ssl.truststore.location = null
	ssl.truststore.password = null
	ssl.truststore.type = JKS

[2025-07-27 07:59:02] [INFO ] [AppInfoParser]: Kafka version: 3.9.1
[2025-07-27 07:59:02] [INFO ] [AppInfoParser]: Kafka commitId: f745dfdcee2b9851
[2025-07-27 07:59:02] [INFO ] [AppInfoParser]: Kafka startTimeMs: 1753583342976
[2025-07-27 07:59:02] [INFO ] [NetworkClient]: [AdminClient clientId=BorrowServiceMS-admin-0] Node -1 disconnected.
[2025-07-27 07:59:02] [WARN ] [NetworkClient]: [AdminClient clientId=BorrowServiceMS-admin-0] Connection to node -1 (localhost/127.0.0.1:9092) could not be established. Node may not be available.
[2025-07-27 07:59:03] [INFO ] [NetworkClient]: [AdminClient clientId=BorrowServiceMS-admin-0] Node -1 disconnected.
[2025-07-27 07:59:03] [WARN ] [NetworkClient]: [AdminClient clientId=BorrowServiceMS-admin-0] Connection to node -1 (localhost/127.0.0.1:9092) could not be established. Node may not be available.
[2025-07-27 07:59:03] [INFO ] [NetworkClient]: [AdminClient clientId=BorrowServiceMS-admin-0] Node -1 disconnected.
[2025-07-27 07:59:03] [WARN ] [NetworkClient]: [AdminClient clientId=BorrowServiceMS-admin-0] Connection to node -1 (localhost/127.0.0.1:9092) could not be established. Node may not be available.
[2025-07-27 07:59:03] [INFO ] [NetworkClient]: [AdminClient clientId=BorrowServiceMS-admin-0] Node -1 disconnected.
[2025-07-27 07:59:03] [WARN ] [NetworkClient]: [AdminClient clientId=BorrowServiceMS-admin-0] Connection to node -1 (localhost/127.0.0.1:9092) could not be established. Node may not be available.
[2025-07-27 07:59:03] [INFO ] [NetworkClient]: [AdminClient clientId=BorrowServiceMS-admin-0] Node -1 disconnected.
[2025-07-27 07:59:03] [WARN ] [NetworkClient]: [AdminClient clientId=BorrowServiceMS-admin-0] Connection to node -1 (localhost/127.0.0.1:9092) could not be established. Node may not be available.
[2025-07-27 07:59:04] [INFO ] [NetworkClient]: [AdminClient clientId=BorrowServiceMS-admin-0] Node -1 disconnected.
[2025-07-27 07:59:04] [WARN ] [NetworkClient]: [AdminClient clientId=BorrowServiceMS-admin-0] Connection to node -1 (localhost/127.0.0.1:9092) could not be established. Node may not be available.
[2025-07-27 07:59:05] [INFO ] [NetworkClient]: [AdminClient clientId=BorrowServiceMS-admin-0] Node -1 disconnected.
[2025-07-27 07:59:05] [WARN ] [NetworkClient]: [AdminClient clientId=BorrowServiceMS-admin-0] Connection to node -1 (localhost/127.0.0.1:9092) could not be established. Node may not be available.
[2025-07-27 07:59:06] [INFO ] [NetworkClient]: [AdminClient clientId=BorrowServiceMS-admin-0] Node -1 disconnected.
[2025-07-27 07:59:06] [WARN ] [NetworkClient]: [AdminClient clientId=BorrowServiceMS-admin-0] Connection to node -1 (localhost/127.0.0.1:9092) could not be established. Node may not be available.
[2025-07-27 07:59:07] [INFO ] [NetworkClient]: [AdminClient clientId=BorrowServiceMS-admin-0] Node -1 disconnected.
[2025-07-27 07:59:07] [WARN ] [NetworkClient]: [AdminClient clientId=BorrowServiceMS-admin-0] Connection to node -1 (localhost/127.0.0.1:9092) could not be established. Node may not be available.
[2025-07-27 07:59:08] [INFO ] [NetworkClient]: [AdminClient clientId=BorrowServiceMS-admin-0] Node -1 disconnected.
[2025-07-27 07:59:08] [WARN ] [NetworkClient]: [AdminClient clientId=BorrowServiceMS-admin-0] Connection to node -1 (localhost/127.0.0.1:9092) could not be established. Node may not be available.
[2025-07-27 07:59:10] [INFO ] [NetworkClient]: [AdminClient clientId=BorrowServiceMS-admin-0] Node -1 disconnected.
[2025-07-27 07:59:10] [WARN ] [NetworkClient]: [AdminClient clientId=BorrowServiceMS-admin-0] Connection to node -1 (localhost/127.0.0.1:9092) could not be established. Node may not be available.
[2025-07-27 07:59:11] [INFO ] [NetworkClient]: [AdminClient clientId=BorrowServiceMS-admin-0] Node -1 disconnected.
[2025-07-27 07:59:11] [WARN ] [NetworkClient]: [AdminClient clientId=BorrowServiceMS-admin-0] Connection to node -1 (localhost/127.0.0.1:9092) could not be established. Node may not be available.
[2025-07-27 07:59:12] [INFO ] [NetworkClient]: [AdminClient clientId=BorrowServiceMS-admin-0] Node -1 disconnected.
[2025-07-27 07:59:12] [WARN ] [NetworkClient]: [AdminClient clientId=BorrowServiceMS-admin-0] Connection to node -1 (localhost/127.0.0.1:9092) could not be established. Node may not be available.
[2025-07-27 07:59:13] [INFO ] [NetworkClient]: [AdminClient clientId=BorrowServiceMS-admin-0] Node -1 disconnected.
[2025-07-27 07:59:13] [WARN ] [NetworkClient]: [AdminClient clientId=BorrowServiceMS-admin-0] Connection to node -1 (localhost/127.0.0.1:9092) could not be established. Node may not be available.
[2025-07-27 07:59:14] [INFO ] [NetworkClient]: [AdminClient clientId=BorrowServiceMS-admin-0] Node -1 disconnected.
[2025-07-27 07:59:14] [WARN ] [NetworkClient]: [AdminClient clientId=BorrowServiceMS-admin-0] Connection to node -1 (localhost/127.0.0.1:9092) could not be established. Node may not be available.
[2025-07-27 07:59:15] [INFO ] [SpringApplicationAdminMXBeanRegistrar$SpringApplicationAdmin]: Application shutdown requested.
[2025-07-27 07:59:15] [INFO ] [NetworkClient]: [AdminClient clientId=BorrowServiceMS-admin-0] Node -1 disconnected.
[2025-07-27 07:59:15] [WARN ] [NetworkClient]: [AdminClient clientId=BorrowServiceMS-admin-0] Connection to node -1 (localhost/127.0.0.1:9092) could not be established. Node may not be available.
[2025-07-27 07:59:16] [INFO ] [NetworkClient]: [AdminClient clientId=BorrowServiceMS-admin-0] Node -1 disconnected.
[2025-07-27 07:59:16] [WARN ] [NetworkClient]: [AdminClient clientId=BorrowServiceMS-admin-0] Connection to node -1 (localhost/127.0.0.1:9092) could not be established. Node may not be available.
[2025-07-27 07:59:17] [INFO ] [NetworkClient]: [AdminClient clientId=BorrowServiceMS-admin-0] Node -1 disconnected.
[2025-07-27 07:59:17] [WARN ] [NetworkClient]: [AdminClient clientId=BorrowServiceMS-admin-0] Connection to node -1 (localhost/127.0.0.1:9092) could not be established. Node may not be available.
[2025-07-27 07:59:18] [INFO ] [NetworkClient]: [AdminClient clientId=BorrowServiceMS-admin-0] Node -1 disconnected.
[2025-07-27 07:59:18] [WARN ] [NetworkClient]: [AdminClient clientId=BorrowServiceMS-admin-0] Connection to node -1 (localhost/127.0.0.1:9092) could not be established. Node may not be available.
[2025-07-27 07:59:19] [INFO ] [NetworkClient]: [AdminClient clientId=BorrowServiceMS-admin-0] Node -1 disconnected.
[2025-07-27 07:59:19] [WARN ] [NetworkClient]: [AdminClient clientId=BorrowServiceMS-admin-0] Connection to node -1 (localhost/127.0.0.1:9092) could not be established. Node may not be available.
[2025-07-27 07:59:20] [INFO ] [NetworkClient]: [AdminClient clientId=BorrowServiceMS-admin-0] Node -1 disconnected.
[2025-07-27 07:59:20] [WARN ] [NetworkClient]: [AdminClient clientId=BorrowServiceMS-admin-0] Connection to node -1 (localhost/127.0.0.1:9092) could not be established. Node may not be available.
[2025-07-27 07:59:21] [INFO ] [NetworkClient]: [AdminClient clientId=BorrowServiceMS-admin-0] Node -1 disconnected.
[2025-07-27 07:59:21] [WARN ] [NetworkClient]: [AdminClient clientId=BorrowServiceMS-admin-0] Connection to node -1 (localhost/127.0.0.1:9092) could not be established. Node may not be available.
[2025-07-27 07:59:22] [INFO ] [NetworkClient]: [AdminClient clientId=BorrowServiceMS-admin-0] Node -1 disconnected.
[2025-07-27 07:59:22] [WARN ] [NetworkClient]: [AdminClient clientId=BorrowServiceMS-admin-0] Connection to node -1 (localhost/127.0.0.1:9092) could not be established. Node may not be available.
[2025-07-27 07:59:23] [INFO ] [NetworkClient]: [AdminClient clientId=BorrowServiceMS-admin-0] Node -1 disconnected.
[2025-07-27 07:59:23] [WARN ] [NetworkClient]: [AdminClient clientId=BorrowServiceMS-admin-0] Connection to node -1 (localhost/127.0.0.1:9092) could not be established. Node may not be available.
[2025-07-27 07:59:24] [INFO ] [NetworkClient]: [AdminClient clientId=BorrowServiceMS-admin-0] Node -1 disconnected.
[2025-07-27 07:59:24] [WARN ] [NetworkClient]: [AdminClient clientId=BorrowServiceMS-admin-0] Connection to node -1 (localhost/127.0.0.1:9092) could not be established. Node may not be available.
[2025-07-27 07:59:25] [INFO ] [NetworkClient]: [AdminClient clientId=BorrowServiceMS-admin-0] Node -1 disconnected.
[2025-07-27 07:59:25] [WARN ] [NetworkClient]: [AdminClient clientId=BorrowServiceMS-admin-0] Connection to node -1 (localhost/127.0.0.1:9092) could not be established. Node may not be available.
[2025-07-27 07:59:26] [INFO ] [NetworkClient]: [AdminClient clientId=BorrowServiceMS-admin-0] Node -1 disconnected.
[2025-07-27 07:59:26] [WARN ] [NetworkClient]: [AdminClient clientId=BorrowServiceMS-admin-0] Connection to node -1 (localhost/127.0.0.1:9092) could not be established. Node may not be available.
[2025-07-27 07:59:27] [INFO ] [NetworkClient]: [AdminClient clientId=BorrowServiceMS-admin-0] Node -1 disconnected.
[2025-07-27 07:59:27] [WARN ] [NetworkClient]: [AdminClient clientId=BorrowServiceMS-admin-0] Connection to node -1 (localhost/127.0.0.1:9092) could not be established. Node may not be available.
[2025-07-27 07:59:28] [INFO ] [NetworkClient]: [AdminClient clientId=BorrowServiceMS-admin-0] Node -1 disconnected.
[2025-07-27 07:59:28] [WARN ] [NetworkClient]: [AdminClient clientId=BorrowServiceMS-admin-0] Connection to node -1 (localhost/127.0.0.1:9092) could not be established. Node may not be available.
[2025-07-27 07:59:29] [INFO ] [NetworkClient]: [AdminClient clientId=BorrowServiceMS-admin-0] Node -1 disconnected.
[2025-07-27 07:59:29] [WARN ] [NetworkClient]: [AdminClient clientId=BorrowServiceMS-admin-0] Connection to node -1 (localhost/127.0.0.1:9092) could not be established. Node may not be available.
[2025-07-27 07:59:30] [INFO ] [NetworkClient]: [AdminClient clientId=BorrowServiceMS-admin-0] Node -1 disconnected.
[2025-07-27 07:59:30] [WARN ] [NetworkClient]: [AdminClient clientId=BorrowServiceMS-admin-0] Connection to node -1 (localhost/127.0.0.1:9092) could not be established. Node may not be available.
[2025-07-27 07:59:31] [INFO ] [NetworkClient]: [AdminClient clientId=BorrowServiceMS-admin-0] Node -1 disconnected.
[2025-07-27 07:59:31] [WARN ] [NetworkClient]: [AdminClient clientId=BorrowServiceMS-admin-0] Connection to node -1 (localhost/127.0.0.1:9092) could not be established. Node may not be available.
[2025-07-27 07:59:32] [INFO ] [NetworkClient]: [AdminClient clientId=BorrowServiceMS-admin-0] Node -1 disconnected.
[2025-07-27 07:59:32] [WARN ] [NetworkClient]: [AdminClient clientId=BorrowServiceMS-admin-0] Connection to node -1 (localhost/127.0.0.1:9092) could not be established. Node may not be available.
[2025-07-27 07:59:32] [INFO ] [AdminMetadataManager]: [AdminClient clientId=BorrowServiceMS-admin-0] Metadata update failed
org.apache.kafka.common.errors.TimeoutException: Timed out waiting for a node assignment. Call: fetchMetadata
[2025-07-27 07:59:32] [ERROR] [KafkaAdmin]: Could not configure topics
org.springframework.kafka.KafkaException: Timed out waiting to get existing topics
	at org.springframework.kafka.core.KafkaAdmin.lambda$checkPartitions$13(KafkaAdmin.java:571) ~[spring-kafka-3.3.7.jar:3.3.7]
	at java.base/java.util.HashMap.forEach(HashMap.java:1429) ~[?:?]
	at org.springframework.kafka.core.KafkaAdmin.checkPartitions(KafkaAdmin.java:550) ~[spring-kafka-3.3.7.jar:3.3.7]
	at org.springframework.kafka.core.KafkaAdmin.addOrModifyTopicsIfNeeded(KafkaAdmin.java:443) ~[spring-kafka-3.3.7.jar:3.3.7]
	at org.springframework.kafka.core.KafkaAdmin.initialize(KafkaAdmin.java:276) [spring-kafka-3.3.7.jar:3.3.7]
	at org.springframework.kafka.core.KafkaAdmin.afterSingletonsInstantiated(KafkaAdmin.java:245) [spring-kafka-3.3.7.jar:3.3.7]
	at org.springframework.beans.factory.support.DefaultListableBeanFactory.preInstantiateSingletons(DefaultListableBeanFactory.java:1150) [spring-beans-6.2.8.jar:6.2.8]
	at org.springframework.context.support.AbstractApplicationContext.finishBeanFactoryInitialization(AbstractApplicationContext.java:987) [spring-context-6.2.8.jar:6.2.8]
	at org.springframework.context.support.AbstractApplicationContext.refresh(AbstractApplicationContext.java:627) [spring-context-6.2.8.jar:6.2.8]
	at org.springframework.boot.web.servlet.context.ServletWebServerApplicationContext.refresh(ServletWebServerApplicationContext.java:146) [spring-boot-3.5.3.jar:3.5.3]
	at org.springframework.boot.SpringApplication.refresh(SpringApplication.java:752) [spring-boot-3.5.3.jar:3.5.3]
	at org.springframework.boot.SpringApplication.refreshContext(SpringApplication.java:439) [spring-boot-3.5.3.jar:3.5.3]
	at org.springframework.boot.SpringApplication.run(SpringApplication.java:318) [spring-boot-3.5.3.jar:3.5.3]
	at org.springframework.boot.SpringApplication.run(SpringApplication.java:1361) [spring-boot-3.5.3.jar:3.5.3]
	at org.springframework.boot.SpringApplication.run(SpringApplication.java:1350) [spring-boot-3.5.3.jar:3.5.3]
	at com.librarysystem.borrow.BorrowServiceMsApplication.main(BorrowServiceMsApplication.java:13) [classes/:?]
	at java.base/jdk.internal.reflect.DirectMethodHandleAccessor.invoke(DirectMethodHandleAccessor.java:103) ~[?:?]
	at java.base/java.lang.reflect.Method.invoke(Method.java:580) ~[?:?]
	at org.springframework.boot.devtools.restart.RestartLauncher.run(RestartLauncher.java:50) [spring-boot-devtools-3.5.3.jar:3.5.3]
Caused by: java.util.concurrent.TimeoutException
	at java.base/java.util.concurrent.CompletableFuture.timedGet(CompletableFuture.java:1960) ~[?:?]
	at java.base/java.util.concurrent.CompletableFuture.get(CompletableFuture.java:2095) ~[?:?]
	at org.apache.kafka.common.internals.KafkaFutureImpl.get(KafkaFutureImpl.java:183) ~[kafka-clients-3.9.1.jar:?]
	at org.springframework.kafka.core.KafkaAdmin.lambda$checkPartitions$13(KafkaAdmin.java:553) ~[spring-kafka-3.3.7.jar:3.3.7]
	... 18 more
[2025-07-27 07:59:33] [INFO ] [NetworkClient]: [AdminClient clientId=BorrowServiceMS-admin-0] Node -1 disconnected.
[2025-07-27 07:59:33] [WARN ] [NetworkClient]: [AdminClient clientId=BorrowServiceMS-admin-0] Connection to node -1 (localhost/127.0.0.1:9092) could not be established. Node may not be available.
[2025-07-27 07:59:34] [INFO ] [NetworkClient]: [AdminClient clientId=BorrowServiceMS-admin-0] Node -1 disconnected.
[2025-07-27 07:59:34] [WARN ] [NetworkClient]: [AdminClient clientId=BorrowServiceMS-admin-0] Connection to node -1 (localhost/127.0.0.1:9092) could not be established. Node may not be available.
[2025-07-27 07:59:35] [INFO ] [NetworkClient]: [AdminClient clientId=BorrowServiceMS-admin-0] Node -1 disconnected.
[2025-07-27 07:59:35] [WARN ] [NetworkClient]: [AdminClient clientId=BorrowServiceMS-admin-0] Connection to node -1 (localhost/127.0.0.1:9092) could not be established. Node may not be available.
[2025-07-27 07:59:36] [INFO ] [NetworkClient]: [AdminClient clientId=BorrowServiceMS-admin-0] Node -1 disconnected.
[2025-07-27 07:59:36] [WARN ] [NetworkClient]: [AdminClient clientId=BorrowServiceMS-admin-0] Connection to node -1 (localhost/127.0.0.1:9092) could not be established. Node may not be available.
[2025-07-27 07:59:37] [INFO ] [NetworkClient]: [AdminClient clientId=BorrowServiceMS-admin-0] Node -1 disconnected.
[2025-07-27 07:59:37] [WARN ] [NetworkClient]: [AdminClient clientId=BorrowServiceMS-admin-0] Connection to node -1 (localhost/127.0.0.1:9092) could not be established. Node may not be available.
[2025-07-27 07:59:38] [INFO ] [NetworkClient]: [AdminClient clientId=BorrowServiceMS-admin-0] Node -1 disconnected.
[2025-07-27 07:59:38] [WARN ] [NetworkClient]: [AdminClient clientId=BorrowServiceMS-admin-0] Connection to node -1 (localhost/127.0.0.1:9092) could not be established. Node may not be available.
[2025-07-27 07:59:40] [INFO ] [NetworkClient]: [AdminClient clientId=BorrowServiceMS-admin-0] Node -1 disconnected.
[2025-07-27 07:59:40] [WARN ] [NetworkClient]: [AdminClient clientId=BorrowServiceMS-admin-0] Connection to node -1 (localhost/127.0.0.1:9092) could not be established. Node may not be available.
[2025-07-27 07:59:41] [INFO ] [NetworkClient]: [AdminClient clientId=BorrowServiceMS-admin-0] Node -1 disconnected.
[2025-07-27 07:59:41] [WARN ] [NetworkClient]: [AdminClient clientId=BorrowServiceMS-admin-0] Connection to node -1 (localhost/127.0.0.1:9092) could not be established. Node may not be available.
[2025-07-27 07:59:41] [INFO ] [SpringApplicationAdminMXBeanRegistrar$SpringApplicationAdmin]: Application shutdown requested.
[2025-07-27 07:59:42] [INFO ] [NetworkClient]: [AdminClient clientId=BorrowServiceMS-admin-0] Node -1 disconnected.
[2025-07-27 07:59:42] [WARN ] [NetworkClient]: [AdminClient clientId=BorrowServiceMS-admin-0] Connection to node -1 (localhost/127.0.0.1:9092) could not be established. Node may not be available.
[2025-07-27 07:59:42] [INFO ] [NetworkClient]: [AdminClient clientId=BorrowServiceMS-admin-0] Node -1 disconnected.
[2025-07-27 07:59:42] [WARN ] [NetworkClient]: [AdminClient clientId=BorrowServiceMS-admin-0] Connection to node -1 (localhost/127.0.0.1:9092) could not be established. Node may not be available.
[2025-07-27 07:59:43] [INFO ] [KafkaAdminClient]: [AdminClient clientId=BorrowServiceMS-admin-0] Forcing a hard I/O thread shutdown. Requests in progress will be aborted.
[2025-07-27 07:59:43] [INFO ] [AppInfoParser]: App info kafka.admin.client for BorrowServiceMS-admin-0 unregistered
[2025-07-27 07:59:43] [INFO ] [AdminMetadataManager]: [AdminClient clientId=BorrowServiceMS-admin-0] Metadata update failed
org.apache.kafka.common.errors.TimeoutException: The AdminClient thread has exited. Call: fetchMetadata
[2025-07-27 07:59:43] [INFO ] [KafkaAdminClient]: [AdminClient clientId=BorrowServiceMS-admin-0] Timed out 2 remaining operation(s) during close.
[2025-07-27 07:59:43] [INFO ] [Metrics]: Metrics scheduler closed
[2025-07-27 07:59:43] [INFO ] [Metrics]: Closing reporter org.apache.kafka.common.metrics.JmxReporter
[2025-07-27 07:59:43] [INFO ] [Metrics]: Metrics reporters closed
[2025-07-27 07:59:43] [INFO ] [Http11NioProtocol]: Starting ProtocolHandler ["http-nio-3000"]
[2025-07-27 07:59:43] [INFO ] [TomcatWebServer]: Tomcat started on port 3000 (http) with context path '/'
[2025-07-27 07:59:43] [INFO ] [BorrowServiceMsApplication]: Started BorrowServiceMsApplication in 45.339 seconds (process running for 46.079)
[2025-07-27 07:59:43] [INFO ] [GracefulShutdown]: Commencing graceful shutdown. Waiting for active requests to complete
[2025-07-27 07:59:43] [INFO ] [Http11NioProtocol]: Pausing ProtocolHandler ["http-nio-3000"]
[2025-07-27 07:59:43] [INFO ] [GracefulShutdown]: Graceful shutdown complete
[2025-07-27 07:59:43] [INFO ] [Http11NioProtocol]: Stopping ProtocolHandler ["http-nio-3000"]
[2025-07-27 07:59:43] [INFO ] [LocalContainerEntityManagerFactoryBean]: Closing JPA EntityManagerFactory for persistence unit 'default'
[2025-07-27 07:59:43] [INFO ] [HikariDataSource]: HikariPool-1 - Shutdown initiated...
[2025-07-27 07:59:43] [INFO ] [HikariDataSource]: HikariPool-1 - Shutdown completed.
